<?xml version="1.0" encoding="UTF-8"?>
<!-- Generated by org.testng.reporters.JUnitReportReporter -->
<testsuite hostname="WIN-CK7DF2BFGTN" name="com.zdz.ant.test.HelloWorldWebdriverTestNG" tests="1" failures="0" timestamp="15 Jan 2019 08:41:48 GMT" time="82.326" errors="0">
  <testcase name="testOne" time="82.326" classname="com.zdz.ant.test.HelloWorldWebdriverTestNG"/>
</testsuite> <!-- com.zdz.ant.test.HelloWorldWebdriverTestNG -->
