<?xml version="1.0" encoding="UTF-8"?>
<!-- Generated by org.testng.reporters.JUnitReportReporter -->
<testsuite hostname="WIN-CK7DF2BFGTN" name="com.zdz.ant.test.HelloWorldWebdriverTestNG" tests="1" failures="0" timestamp="16 Jan 2019 13:07:19 GMT" time="29.394" errors="0">
  <testcase name="testOne" time="29.394" classname="com.zdz.ant.test.HelloWorldWebdriverTestNG"/>
</testsuite> <!-- com.zdz.ant.test.HelloWorldWebdriverTestNG -->
